2019-10-20T06:39:12.215Z - info: ui.server Listening on port 3002 logData= { environment: 'local-dev' } class=app.js, pid=57764, host=Maheshs-MBP-2, category=ui.server
2019-10-20T06:39:12.220Z - info: redis enabled logData= { redishost: 'localhost' } class=app.js, pid=57764, host=Maheshs-MBP-2, category=api.redis
2019-10-20T06:39:27.416Z - info: ui.server Listening on port 3002 logData= { environment: 'local-dev' } class=app.js, pid=57782, host=Maheshs-MBP-2, category=ui.server
2019-10-20T06:39:27.423Z - info: redis enabled logData= { redishost: 'localhost' } class=app.js, pid=57782, host=Maheshs-MBP-2, category=api.redis
2019-10-20T06:40:18.834Z - info: ui.server Listening on port 3002 logData= { environment: 'local-dev' } class=app.js, pid=57835, host=Maheshs-MBP-2, category=ui.server
2019-10-20T06:40:18.841Z - info: redis enabled logData= { redishost: 'localhost' } class=app.js, pid=57835, host=Maheshs-MBP-2, category=api.redis
2019-10-20T06:41:00.663Z - info: ui.server Listening on port 3002 logData= { environment: 'local-dev' } class=app.js, pid=57856, host=Maheshs-MBP-2, category=ui.server
2019-10-20T06:41:00.668Z - info: redis enabled logData= { redishost: 'localhost' } class=app.js, pid=57856, host=Maheshs-MBP-2, category=api.redis
2019-10-20T06:41:12.431Z - info: Api Request logData= { reqID: '2841415c-1a95-444f-88cf-ebb948631cb0',
  endpoint: '/api/v1/search/popular/property-listing',
  method: 'get',
  requestetime: '2019-10-20T06:41:12.429Z' } class=service/BaseService.js, pid=57856, host=Maheshs-MBP-2, category=api.server
2019-10-20T06:41:13.212Z - info: Api response : Success logData= { reqID: '2841415c-1a95-444f-88cf-ebb948631cb0',
  endpoint: '/api/v1/search/popular/property-listing',
  method: 'get',
  responsetime: '2019-10-20T06:41:13.212Z' } class=service/BaseService.js, pid=57856, host=Maheshs-MBP-2, category=api.server
2019-10-20T06:41:41.829Z - info: Api Request logData= { reqID: '04461b39-e3ff-4c41-9823-3e138cc0df9d',
  endpoint: '/api/v1/property-listings/2667551',
  method: 'get',
  requestetime: '2019-10-20T06:41:41.828Z' } class=service/BaseService.js, pid=57856, host=Maheshs-MBP-2, category=api.server
2019-10-20T06:41:42.540Z - info: Api response : Success logData= { reqID: '04461b39-e3ff-4c41-9823-3e138cc0df9d',
  endpoint: '/api/v1/property-listings/2667551',
  method: 'get',
  responsetime: '2019-10-20T06:41:42.540Z' } class=service/BaseService.js, pid=57856, host=Maheshs-MBP-2, category=api.server
2019-10-20T06:41:50.932Z - info: Api Request logData= { reqID: '4d9a1e84-875b-4c78-a385-ac60cf4d8d2f',
  endpoint: '/api/v1/gateway/analyze-returns/property-listing/1404052',
  method: 'get',
  requestetime: '2019-10-20T06:41:50.932Z' } class=service/BaseService.js, pid=57856, host=Maheshs-MBP-2, category=api.server
2019-10-20T06:41:51.627Z - info: Api response : Success logData= { reqID: '4d9a1e84-875b-4c78-a385-ac60cf4d8d2f',
  endpoint: '/api/v1/gateway/analyze-returns/property-listing/1404052',
  method: 'get',
  responsetime: '2019-10-20T06:41:51.626Z' } class=service/BaseService.js, pid=57856, host=Maheshs-MBP-2, category=api.server
2019-10-20T07:11:34.382Z - info: Api Request logData= { reqID: '1b646173-686b-4953-8afb-513f32fec9be',
  endpoint: '/api/v1/search/popular/property-listing',
  method: 'get',
  requestetime: '2019-10-20T07:11:34.381Z' } class=service/BaseService.js, pid=57856, host=Maheshs-MBP-2, category=api.server
2019-10-20T07:11:35.181Z - info: Api response : Success logData= { reqID: '1b646173-686b-4953-8afb-513f32fec9be',
  endpoint: '/api/v1/search/popular/property-listing',
  method: 'get',
  responsetime: '2019-10-20T07:11:35.181Z' } class=service/BaseService.js, pid=57856, host=Maheshs-MBP-2, category=api.server
2019-10-20T13:06:39.623Z - info: Api Request logData= { reqID: '5f6ee948-2bd1-4c7d-8ce8-9e85033a4a55',
  endpoint: '/api/v1/search/popular/property-listing',
  method: 'get',
  requestetime: '2019-10-20T13:06:39.616Z' } class=service/BaseService.js, pid=57856, host=Maheshs-MBP-2, category=api.server
2019-10-20T13:06:40.374Z - info: Api response : Success logData= { reqID: '5f6ee948-2bd1-4c7d-8ce8-9e85033a4a55',
  endpoint: '/api/v1/search/popular/property-listing',
  method: 'get',
  responsetime: '2019-10-20T13:06:40.374Z' } class=service/BaseService.js, pid=57856, host=Maheshs-MBP-2, category=api.server
2019-10-20T13:37:13.966Z - info: Api Request logData= { reqID: 'c4045ee4-aaf3-4625-a7d3-9ddb6d2c9e38',
  endpoint: '/api/v1/search/popular/property-listing',
  method: 'get',
  requestetime: '2019-10-20T13:37:13.965Z' } class=service/BaseService.js, pid=57856, host=Maheshs-MBP-2, category=api.server
2019-10-20T13:37:14.829Z - info: Api response : Success logData= { reqID: 'c4045ee4-aaf3-4625-a7d3-9ddb6d2c9e38',
  endpoint: '/api/v1/search/popular/property-listing',
  method: 'get',
  responsetime: '2019-10-20T13:37:14.829Z' } class=service/BaseService.js, pid=57856, host=Maheshs-MBP-2, category=api.server
2019-10-21T03:30:55.724Z - info: Api Request logData= { reqID: '0e763c22-0d80-4531-a325-c4a365d41828',
  endpoint: '/api/v1/search/popular/property-listing',
  method: 'get',
  requestetime: '2019-10-21T03:30:55.708Z' } class=service/BaseService.js, pid=57856, host=Maheshs-MBP-2, category=api.server
2019-10-21T03:30:56.661Z - info: Api response : Success logData= { reqID: '0e763c22-0d80-4531-a325-c4a365d41828',
  endpoint: '/api/v1/search/popular/property-listing',
  method: 'get',
  responsetime: '2019-10-21T03:30:56.660Z' } class=service/BaseService.js, pid=57856, host=Maheshs-MBP-2, category=api.server
2019-10-21T06:03:01.963Z - info: Api Request logData= { reqID: '5fabbf89-5112-454d-8000-4fca6e68be15',
  endpoint: '/api/v1/search/popular/property-listing',
  method: 'get',
  requestetime: '2019-10-21T06:03:01.961Z' } class=service/BaseService.js, pid=57856, host=Maheshs-MacBook-Pro-2.local, category=api.server
2019-10-21T06:03:02.781Z - info: Api response : Success logData= { reqID: '5fabbf89-5112-454d-8000-4fca6e68be15',
  endpoint: '/api/v1/search/popular/property-listing',
  method: 'get',
  responsetime: '2019-10-21T06:03:02.781Z' } class=service/BaseService.js, pid=57856, host=Maheshs-MacBook-Pro-2.local, category=api.server
